Sun Sep 07 2014 10:09:28 GMT-0600 (MDT)
Sun Oct 05 2014 10:09:28 GMT-0600 (MDT)
Sun Nov 02 2014 10:09:28 GMT-0700 (MST)
Sun Jan 18 2015 10:09:28 GMT-0700 (MST)
Sun Feb 22 2015 10:09:28 GMT-0700 (MST)
Mon Sep 08 2014 10:09:28 GMT-0600 (MDT)
Mon Oct 06 2014 10:09:28 GMT-0600 (MDT)
Mon Jan 12 2015 10:09:28 GMT-0700 (MST)
Mon Jan 19 2015 10:09:28 GMT-0700 (MST)
Mon Jan 26 2015 10:09:28 GMT-0700 (MST)
Mon Feb 23 2015 10:09:28 GMT-0700 (MST)
Tue Sep 09 2014 10:09:28 GMT-0600 (MDT)
Tue Oct 07 2014 10:09:28 GMT-0600 (MDT)
Tue Oct 28 2014 10:09:28 GMT-0600 (MDT)
Tue Nov 04 2014 10:09:28 GMT-0700 (MST)
Tue Jan 20 2015 10:09:28 GMT-0700 (MST)
Tue Feb 24 2015 10:09:28 GMT-0700 (MST)
Tue Mar 10 2015 10:09:28 GMT-0600 (MDT)
Tue Mar 17 2015 10:09:28 GMT-0600 (MDT)
Tue Apr 14 2015 10:09:28 GMT-0600 (MDT)
Tue Apr 21 2015 10:09:28 GMT-0600 (MDT)
Tue Apr 28 2015 10:09:28 GMT-0600 (MDT)
Tue May 19 2015 10:09:28 GMT-0600 (MDT)
Tue Jun 02 2015 10:09:28 GMT-0600 (MDT)
Tue Jun 09 2015 10:09:28 GMT-0600 (MDT)
Tue Jul 07 2015 10:09:28 GMT-0600 (MDT)
Tue Jul 14 2015 10:09:28 GMT-0600 (MDT)
Tue Jul 21 2015 10:09:28 GMT-0600 (MDT)
Wed Sep 10 2014 10:09:28 GMT-0600 (MDT)
Wed Sep 17 2014 10:09:28 GMT-0600 (MDT)
Wed Sep 24 2014 10:09:28 GMT-0600 (MDT)
Wed Oct 01 2014 10:09:28 GMT-0600 (MDT)
Wed Oct 08 2014 10:09:28 GMT-0600 (MDT)
Wed Nov 05 2014 10:09:28 GMT-0700 (MST)
Wed Jan 21 2015 10:09:28 GMT-0700 (MST)
Wed Feb 25 2015 10:09:28 GMT-0700 (MST)
Wed Mar 04 2015 10:09:28 GMT-0700 (MST)
Wed Mar 25 2015 10:09:28 GMT-0600 (MDT)
Wed Apr 08 2015 10:09:28 GMT-0600 (MDT)
Wed May 06 2015 10:09:28 GMT-0600 (MDT)
